app/build/intermediates/manifest_merge_blame_file/debug/manifest-merger-blame-debug-report.txt
1<?xml version="1.0" encoding="utf-8"?>
2<manifest xmlns:android="http://schemas.android.com/apk/res/android"
3    package="com.harine.virgotest"
4    android:versionCode="1"
5    android:versionName="1.0" >
6
7    <uses-sdk
8        android:minSdkVersion="17"
8-->src\main\AndroidManifest.xml
9        android:targetSdkVersion="30" />
9-->src\main\AndroidManifest.xml
10
11    <queries>
11-->src\main\AndroidManifest.xml:45:5-49:15
12        <intent>
12-->src\main\AndroidManifest.xml:46:9-48:18
13            <action android:name="android.intent.action.TTS_SERVICE" />
13-->src\main\AndroidManifest.xml:47:13-72
13-->src\main\AndroidManifest.xml:47:21-69
14        </intent>
15    </queries>
16
17    <uses-permission android:name="android.permission.DISABLE_KEYGUARD" /> <!-- weather -->
17-->src\main\AndroidManifest.xml:50:5-75
17-->src\main\AndroidManifest.xml:50:22-72
18    <uses-permission android:name="android.permission.CHANGE_WIFI_MULTICAST_STATE" />
18-->src\main\AndroidManifest.xml:51:5-86
18-->src\main\AndroidManifest.xml:51:22-83
19    <uses-permission android:name="android.permission.ACCESS_NETWORK_STATE" />
19-->src\main\AndroidManifest.xml:52:5-79
19-->src\main\AndroidManifest.xml:52:22-76
20    <uses-permission android:name="android.permission.WRITE_EXTERNAL_STORAGE" />
20-->src\main\AndroidManifest.xml:53:5-81
20-->src\main\AndroidManifest.xml:53:22-78
21    <uses-permission android:name="android.permission.READ_EXTERNAL_STORAGE" />
21-->src\main\AndroidManifest.xml:54:5-80
21-->src\main\AndroidManifest.xml:54:22-77
22    <uses-permission android:name="android.permission.INTERNET" /> <!-- 禁用系统锁屏 -->
22-->src\main\AndroidManifest.xml:55:5-67
22-->src\main\AndroidManifest.xml:55:22-64
23    <uses-permission android:name="android.permission.ACCESS_FINE_LOCATION" />
23-->src\main\AndroidManifest.xml:56:5-79
23-->src\main\AndroidManifest.xml:56:22-76
24    <uses-permission android:name="android.permission.READ_PHONE_STATE" />
24-->src\main\AndroidManifest.xml:57:5-75
24-->src\main\AndroidManifest.xml:57:22-72
25    <uses-permission android:name="android.permission.ACCESS_WIFI_STATE" />
25-->src\main\AndroidManifest.xml:58:5-76
25-->src\main\AndroidManifest.xml:58:22-73
26    <uses-permission android:name="android.permission.SYSTEM_ALERT_WINDOW" />
26-->src\main\AndroidManifest.xml:60:5-78
26-->src\main\AndroidManifest.xml:60:22-75
27    <uses-permission android:name="android.permission.DISABLE_KEYGUARD" />
27-->src\main\AndroidManifest.xml:50:5-75
27-->src\main\AndroidManifest.xml:50:22-72
28
29    <application
29-->src\main\AndroidManifest.xml:5:5-44:19
30        android:name="com.harine.virgotest.MyApplication"
30-->src\main\AndroidManifest.xml:6:9-38
31        android:allowBackup="true"
31-->src\main\AndroidManifest.xml:7:9-35
32        android:appComponentFactory="androidx.core.app.CoreComponentFactory"
32-->[androidx.core:core:1.3.1] AndroidManifest.xml:24:18-86
33        android:debuggable="true"
34        android:icon="@mipmap/ic_launcher"
34-->src\main\AndroidManifest.xml:8:9-43
35        android:label="@string/app_name"
35-->src\main\AndroidManifest.xml:9:9-41
36        android:requestLegacyExternalStorage="true"
36-->src\main\AndroidManifest.xml:10:9-52
37        android:roundIcon="@mipmap/ic_launcher_round"
37-->src\main\AndroidManifest.xml:11:9-54
38        android:supportsRtl="true"
38-->src\main\AndroidManifest.xml:12:9-35
39        android:testOnly="true"
40        android:theme="@style/Theme.StatusTest" >
40-->src\main\AndroidManifest.xml:13:9-48
41        <activity android:name="com.harine.virgotest.ui.ScrollTextActivity" />
41-->src\main\AndroidManifest.xml:14:9-68
41-->src\main\AndroidManifest.xml:14:19-56
42        <activity android:name="com.harine.virgotest.ui.Text2SpeechActivity" />
42-->src\main\AndroidManifest.xml:15:9-60
42-->src\main\AndroidManifest.xml:15:19-57
43        <activity android:name="com.harine.virgotest.ui.PermissionTestActivity" />
43-->src\main\AndroidManifest.xml:16:9-63
43-->src\main\AndroidManifest.xml:16:19-60
44        <activity android:name="com.harine.virgotest.ui.WeatherDemoActivity" />
44-->src\main\AndroidManifest.xml:17:9-60
44-->src\main\AndroidManifest.xml:17:19-57
45        <activity android:name="com.harine.virgotest.ui.ImageAnimationActivity" />
45-->src\main\AndroidManifest.xml:18:9-63
45-->src\main\AndroidManifest.xml:18:19-60
46        <activity
46-->src\main\AndroidManifest.xml:19:9-25:39
47            android:name="com.harine.virgotest.ui.FashionClockActivity"
47-->src\main\AndroidManifest.xml:20:13-52
48            android:excludeFromRecents="true"
48-->src\main\AndroidManifest.xml:21:13-46
49            android:exported="false"
49-->src\main\AndroidManifest.xml:22:13-37
50            android:launchMode="singleInstance"
50-->src\main\AndroidManifest.xml:23:13-48
51            android:screenOrientation="portrait"
51-->src\main\AndroidManifest.xml:24:13-49
52            android:taskAffinity="" />
52-->src\main\AndroidManifest.xml:25:13-36
53        <activity android:name="com.harine.virgotest.ui.AlarmProgramActivity" />
53-->src\main\AndroidManifest.xml:26:9-61
53-->src\main\AndroidManifest.xml:26:19-58
54        <activity android:name="com.harine.virgotest.ui.GradientShowActivity" />
54-->src\main\AndroidManifest.xml:27:9-61
54-->src\main\AndroidManifest.xml:27:19-58
55        <activity android:name="com.harine.virgotest.ui.FileTestActivity" />
55-->src\main\AndroidManifest.xml:28:9-57
55-->src\main\AndroidManifest.xml:28:19-54
56        <activity android:name="com.harine.virgotest.ui.LrcTestActivity" />
56-->src\main\AndroidManifest.xml:29:9-56
56-->src\main\AndroidManifest.xml:29:19-53
57        <activity android:name="com.harine.virgotest.ui.DisplayControlActivity" />
57-->src\main\AndroidManifest.xml:30:9-63
57-->src\main\AndroidManifest.xml:30:19-60
58        <activity android:name="com.harine.virgotest.ui.ServerClientActivity" />
58-->src\main\AndroidManifest.xml:31:9-61
58-->src\main\AndroidManifest.xml:31:19-58
59        <activity android:name="com.harine.virgotest.ui.ImageMagicActivity" />
59-->src\main\AndroidManifest.xml:32:9-59
59-->src\main\AndroidManifest.xml:32:19-56
60        <activity android:name="com.harine.virgotest.ui.SocketPlayActivity" />
60-->src\main\AndroidManifest.xml:33:9-59
60-->src\main\AndroidManifest.xml:33:19-56
61        <activity android:name="com.harine.virgotest.ui.VideoActivity" />
61-->src\main\AndroidManifest.xml:34:9-54
61-->src\main\AndroidManifest.xml:34:19-51
62        <activity android:name="com.harine.virgotest.ui.MultiSocketActivity" />
62-->src\main\AndroidManifest.xml:35:9-60
62-->src\main\AndroidManifest.xml:35:19-57
63        <activity android:name="com.harine.virgotest.ui.ComponentActivity" />
63-->src\main\AndroidManifest.xml:36:9-58
63-->src\main\AndroidManifest.xml:36:19-55
64        <activity android:name="com.harine.virgotest.MainActivity" >
64-->src\main\AndroidManifest.xml:37:9-43:20
64-->src\main\AndroidManifest.xml:37:19-47
65            <intent-filter>
65-->src\main\AndroidManifest.xml:38:13-42:29
66                <action android:name="android.intent.action.MAIN" />
66-->src\main\AndroidManifest.xml:39:17-69
66-->src\main\AndroidManifest.xml:39:25-66
67
68                <category android:name="android.intent.category.LAUNCHER" />
68-->src\main\AndroidManifest.xml:41:17-77
68-->src\main\AndroidManifest.xml:41:27-74
69            </intent-filter>
70        </activity>
71    </application>
72
73</manifest>